2026-07-03 21:35:30 [main] INFO  org.testng.internal.Utils - [Utils] MethodGroupsHelper.collectMethodsByGroup() took 0 ms.
2026-07-03 21:35:30 [main] INFO  org.testng.internal.Utils - [Utils] MethodGroupsHelper.sortMethods() took 0 ms.
2026-07-03 21:35:30 [main] INFO  org.testng.internal.Utils - [Utils] MethodGroupsHelper.collectMethodsByGroup() took 0 ms.
2026-07-03 21:35:30 [main] INFO  org.testng.internal.Utils - [Utils] MethodGroupsHelper.sortMethods() took 0 ms.
2026-07-03 21:35:30 [main] INFO  org.testng.internal.Utils - [Utils] MethodGroupsHelper.collectMethodsByGroup() took 0 ms.
2026-07-03 21:35:30 [main] INFO  org.testng.internal.Utils - [Utils] MethodGroupsHelper.sortMethods() took 0 ms.
2026-07-03 21:35:30 [main] INFO  org.testng.internal.Utils - [Utils] MethodGroupsHelper.collectMethodsByGroup() took 0 ms.
2026-07-03 21:35:30 [main] INFO  org.testng.internal.Utils - [Utils] MethodGroupsHelper.sortMethods() took 0 ms.
2026-07-03 21:35:30 [main] INFO  org.testng.internal.Utils - [Utils] MethodGroupsHelper.collectMethodsByGroup() took 2 ms.
2026-07-03 21:35:30 [main] INFO  org.testng.internal.Utils - [Utils] MethodGroupsHelper.sortMethods() took 4 ms.
2026-07-03 21:35:30 [main] INFO  org.testng.internal.Utils - [Utils] MethodGroupsHelper.collectMethodsByGroup() took 0 ms.
2026-07-03 21:35:30 [main] INFO  org.testng.internal.Utils - [Utils] MethodGroupsHelper.sortMethods() took 0 ms.
2026-07-03 21:35:30 [main] INFO  org.testng.internal.Utils - [Utils] MethodGroupsHelper.collectMethodsByGroup() took 0 ms.
2026-07-03 21:35:30 [main] INFO  org.testng.internal.Utils - [Utils] MethodGroupsHelper.sortMethods() took 0 ms.
2026-07-03 21:35:30 [main] INFO  org.testng.internal.Utils - [Utils] MethodGroupsHelper.collectMethodsByGroup() took 0 ms.
2026-07-03 21:35:30 [main] INFO  org.testng.internal.Utils - [Utils] MethodGroupsHelper.sortMethods() took 0 ms.
2026-07-03 21:35:30 [main] INFO  org.testng.internal.Utils - [Utils] MethodGroupsHelper.collectMethodsByGroup() took 0 ms.
2026-07-03 21:35:30 [main] INFO  org.testng.internal.Utils - [Utils] MethodGroupsHelper.sortMethods() took 0 ms.
2026-07-03 21:35:30 [main] INFO  org.testng.internal.Utils - [Utils] MethodGroupsHelper.collectMethodsByGroup() took 0 ms.
2026-07-03 21:35:30 [main] INFO  org.testng.internal.Utils - [Utils] MethodGroupsHelper.sortMethods() took 0 ms.
2026-07-03 21:35:30 [main] INFO  org.testng.internal.Utils - [Utils] MethodGroupsHelper.collectMethodsByGroup() took 0 ms.
2026-07-03 21:35:30 [main] INFO  org.testng.internal.Utils - [Utils] MethodGroupsHelper.sortMethods() took 0 ms.
2026-07-03 21:35:30 [main] INFO  org.testng.internal.Utils - [Utils] MethodGroupsHelper.collectMethodsByGroup() took 0 ms.
2026-07-03 21:35:30 [main] INFO  org.testng.internal.Utils - [Utils] MethodGroupsHelper.sortMethods() took 0 ms.
2026-07-03 21:35:30 [main] INFO  org.testng.internal.Utils - [Utils] MethodGroupsHelper.collectMethodsByGroup() took 0 ms.
2026-07-03 21:35:30 [main] INFO  org.testng.internal.Utils - [Utils] MethodGroupsHelper.sortMethods() took 1 ms.
2026-07-03 21:35:30 [main] INFO  org.testng.internal.Utils - [Utils] MethodGroupsHelper.collectMethodsByGroup() took 0 ms.
2026-07-03 21:35:30 [main] INFO  org.testng.internal.Utils - [Utils] MethodGroupsHelper.sortMethods() took 0 ms.
2026-07-03 21:35:30 [main] INFO  org.testng.internal.Utils - [Utils] MethodGroupsHelper.collectMethodsByGroup() took 0 ms.
2026-07-03 21:35:30 [main] INFO  org.testng.internal.Utils - [Utils] MethodGroupsHelper.sortMethods() took 0 ms.
2026-07-03 21:35:30 [main] INFO  org.testng.internal.Utils - [TestNG] Running:
  /private/var/folders/jr/lp34w0jd51d4_4f0tlyxflz00000gp/T/testng-eclipse--620960552/testng-customsuite.xml

2026-07-03 21:35:30 [main] INFO  org.testng.internal.Utils - [Utils] DynamicGraphHelper.createDynamicGraph() took 1 ms.
2026-07-03 21:35:30 [main] INFO  com.gofood.BaseTest.BaseTest - ===Starting test on thread: 1====
2026-07-03 21:35:30 [main] INFO  com.gofood.Utility.ConfigReader - Loading config file from path: ./src/test/resources/config.properties
2026-07-03 21:35:30 [main] INFO  com.gofood.Utility.ConfigReader - Config file loaded successfully
2026-07-03 21:35:30 [main] INFO  com.gofood.Factory.DriverFactory - Initializing driver for browser: chrome
2026-07-03 21:35:30 [main] INFO  com.gofood.Factory.DriverFactory - Initializing Chrome driver for browser: chrome
2026-07-03 21:35:46 [main] INFO  com.gofood.Utility.CommonFlowUtils - Attempting to enter location: jakarta
2026-07-03 21:35:51 [main] ERROR com.gofood.Utility.CommonFlowUtils - Failed to enter location: jakarta
2026-07-03 21:35:51 [main] INFO  com.gofood.Utility.CommonFlowUtils - Attempting to select restro and dish:
2026-07-03 21:35:56 [main] ERROR com.gofood.Utility.CommonFlowUtils - Failed to select restro and dish
2026-07-03 21:35:56 [main] INFO  com.gofood.Utility.CommonFlowUtils - Attempting to enter phonenumber: 3626483168
2026-07-03 21:36:01 [main] ERROR com.gofood.Utility.CommonFlowUtils - Failed to enter phonenumber 3626483168
2026-07-03 21:36:01 [main] INFO  com.gofood.BaseTest.BaseTest - === Test finished, quitting driver ===
2026-07-03 21:36:01 [main] INFO  com.gofood.Factory.DriverFactory - Quitting driver on thread: 1
2026-07-03 21:36:10 [main] INFO  org.testng.internal.Utils - [TestNG] Time taken by org.testng.reporters.jq.Main@76075d65: 22 ms
2026-07-03 21:36:10 [main] INFO  org.testng.internal.Utils - [TestNG] Time taken by org.testng.reporters.FailedReporter@4cafa9aa: 5 ms
2026-07-03 21:36:10 [main] INFO  org.testng.internal.Utils - [TestNG] Time taken by org.testng.reporters.XMLReporter@2dbd803f: 4 ms
2026-07-03 21:36:10 [main] INFO  org.testng.internal.Utils - [TestNG] Time taken by org.testng.reporters.EmailableReporter2@773dab28: 3 ms
2026-07-03 21:36:10 [main] INFO  org.testng.internal.Utils - [TestNG] Time taken by org.testng.reporters.JUnitReportReporter@4a55a6e8: 3 ms
2026-07-03 21:36:10 [main] INFO  org.testng.internal.Utils - [TestNG] Time taken by org.testng.internal.ExitCodeListener@8c46918: 0 ms
2026-07-03 21:36:27 [main] INFO  org.testng.internal.Utils - [Utils] MethodGroupsHelper.collectMethodsByGroup() took 0 ms.
2026-07-03 21:36:27 [main] INFO  org.testng.internal.Utils - [Utils] MethodGroupsHelper.sortMethods() took 0 ms.
2026-07-03 21:36:27 [main] INFO  org.testng.internal.Utils - [Utils] MethodGroupsHelper.collectMethodsByGroup() took 0 ms.
2026-07-03 21:36:27 [main] INFO  org.testng.internal.Utils - [Utils] MethodGroupsHelper.sortMethods() took 0 ms.
2026-07-03 21:36:27 [main] INFO  org.testng.internal.Utils - [Utils] MethodGroupsHelper.collectMethodsByGroup() took 0 ms.
2026-07-03 21:36:27 [main] INFO  org.testng.internal.Utils - [Utils] MethodGroupsHelper.sortMethods() took 0 ms.
2026-07-03 21:36:27 [main] INFO  org.testng.internal.Utils - [Utils] MethodGroupsHelper.collectMethodsByGroup() took 0 ms.
2026-07-03 21:36:27 [main] INFO  org.testng.internal.Utils - [Utils] MethodGroupsHelper.sortMethods() took 0 ms.
2026-07-03 21:36:27 [main] INFO  org.testng.internal.Utils - [Utils] MethodGroupsHelper.collectMethodsByGroup() took 2 ms.
2026-07-03 21:36:27 [main] INFO  org.testng.internal.Utils - [Utils] MethodGroupsHelper.sortMethods() took 3 ms.
2026-07-03 21:36:27 [main] INFO  org.testng.internal.Utils - [Utils] MethodGroupsHelper.collectMethodsByGroup() took 0 ms.
2026-07-03 21:36:27 [main] INFO  org.testng.internal.Utils - [Utils] MethodGroupsHelper.sortMethods() took 0 ms.
2026-07-03 21:36:27 [main] INFO  org.testng.internal.Utils - [Utils] MethodGroupsHelper.collectMethodsByGroup() took 0 ms.
2026-07-03 21:36:27 [main] INFO  org.testng.internal.Utils - [Utils] MethodGroupsHelper.sortMethods() took 0 ms.
2026-07-03 21:36:27 [main] INFO  org.testng.internal.Utils - [Utils] MethodGroupsHelper.collectMethodsByGroup() took 0 ms.
2026-07-03 21:36:27 [main] INFO  org.testng.internal.Utils - [Utils] MethodGroupsHelper.sortMethods() took 0 ms.
2026-07-03 21:36:27 [main] INFO  org.testng.internal.Utils - [Utils] MethodGroupsHelper.collectMethodsByGroup() took 0 ms.
2026-07-03 21:36:27 [main] INFO  org.testng.internal.Utils - [Utils] MethodGroupsHelper.sortMethods() took 0 ms.
2026-07-03 21:36:27 [main] INFO  org.testng.internal.Utils - [Utils] MethodGroupsHelper.collectMethodsByGroup() took 0 ms.
2026-07-03 21:36:27 [main] INFO  org.testng.internal.Utils - [Utils] MethodGroupsHelper.sortMethods() took 0 ms.
2026-07-03 21:36:27 [main] INFO  org.testng.internal.Utils - [Utils] MethodGroupsHelper.collectMethodsByGroup() took 0 ms.
2026-07-03 21:36:27 [main] INFO  org.testng.internal.Utils - [Utils] MethodGroupsHelper.sortMethods() took 0 ms.
2026-07-03 21:36:27 [main] INFO  org.testng.internal.Utils - [Utils] MethodGroupsHelper.collectMethodsByGroup() took 0 ms.
2026-07-03 21:36:27 [main] INFO  org.testng.internal.Utils - [Utils] MethodGroupsHelper.sortMethods() took 0 ms.
2026-07-03 21:36:27 [main] INFO  org.testng.internal.Utils - [Utils] MethodGroupsHelper.collectMethodsByGroup() took 0 ms.
2026-07-03 21:36:27 [main] INFO  org.testng.internal.Utils - [Utils] MethodGroupsHelper.sortMethods() took 1 ms.
2026-07-03 21:36:27 [main] INFO  org.testng.internal.Utils - [Utils] MethodGroupsHelper.collectMethodsByGroup() took 0 ms.
2026-07-03 21:36:27 [main] INFO  org.testng.internal.Utils - [Utils] MethodGroupsHelper.sortMethods() took 0 ms.
2026-07-03 21:36:27 [main] INFO  org.testng.internal.Utils - [Utils] MethodGroupsHelper.collectMethodsByGroup() took 0 ms.
2026-07-03 21:36:27 [main] INFO  org.testng.internal.Utils - [Utils] MethodGroupsHelper.sortMethods() took 0 ms.
2026-07-03 21:36:27 [main] INFO  org.testng.internal.Utils - [TestNG] Running:
  /private/var/folders/jr/lp34w0jd51d4_4f0tlyxflz00000gp/T/testng-eclipse--2075803413/testng-customsuite.xml

2026-07-03 21:36:27 [main] INFO  org.testng.internal.Utils - [Utils] DynamicGraphHelper.createDynamicGraph() took 1 ms.
2026-07-03 21:36:27 [main] INFO  com.gofood.BaseTest.BaseTest - ===Starting test on thread: 1====
2026-07-03 21:36:27 [main] INFO  com.gofood.Utility.ConfigReader - Loading config file from path: ./src/test/resources/config.properties
2026-07-03 21:36:27 [main] INFO  com.gofood.Utility.ConfigReader - Config file loaded successfully
2026-07-03 21:36:27 [main] INFO  com.gofood.Factory.DriverFactory - Initializing driver for browser: chrome
2026-07-03 21:36:27 [main] INFO  com.gofood.Factory.DriverFactory - Initializing Chrome driver for browser: chrome
2026-07-03 21:36:32 [main] INFO  com.gofood.Utility.CommonFlowUtils - Attempting to enter location: jakarta
2026-07-03 21:36:34 [main] INFO  com.gofood.Utility.CommonFlowUtils - Sucessfully entered location: jakarta
2026-07-03 21:36:34 [main] INFO  com.gofood.Utility.CommonFlowUtils - Attempting to select restro and dish:
2026-07-03 21:36:35 [main] INFO  com.gofood.Utility.CommonFlowUtils - Successfully selected restro and dish:
2026-07-03 21:36:35 [main] INFO  com.gofood.Utility.CommonFlowUtils - Attempting to enter phonenumber: 3626483168
2026-07-03 21:36:39 [main] INFO  com.gofood.Utility.CommonFlowUtils - Successfully entered phonenumber: 3626483168
2026-07-03 21:36:39 [main] INFO  com.gofood.BaseTest.BaseTest - === Test finished, quitting driver ===
2026-07-03 21:36:39 [main] INFO  com.gofood.Factory.DriverFactory - Quitting driver on thread: 1
2026-07-03 21:36:39 [main] INFO  org.testng.internal.Utils - [TestNG] Time taken by org.testng.reporters.jq.Main@7ad54c55: 17 ms
2026-07-03 21:36:39 [main] INFO  org.testng.internal.Utils - [TestNG] Time taken by org.testng.reporters.FailedReporter@4a5905d9: 0 ms
2026-07-03 21:36:39 [main] INFO  org.testng.internal.Utils - [TestNG] Time taken by org.testng.reporters.XMLReporter@b18c4: 3 ms
2026-07-03 21:36:39 [main] INFO  org.testng.internal.Utils - [TestNG] Time taken by org.testng.reporters.EmailableReporter2@4f63e3c7: 2 ms
2026-07-03 21:36:39 [main] INFO  org.testng.internal.Utils - [TestNG] Time taken by org.testng.reporters.JUnitReportReporter@1e54cb33: 3 ms
2026-07-03 21:36:39 [main] INFO  org.testng.internal.Utils - [TestNG] Time taken by org.testng.internal.ExitCodeListener@33cbfa57: 0 ms
2026-07-03 21:58:12 [main] INFO  org.testng.internal.Utils - [Utils] MethodGroupsHelper.collectMethodsByGroup() took 0 ms.
2026-07-03 21:58:12 [main] INFO  org.testng.internal.Utils - [Utils] MethodGroupsHelper.sortMethods() took 0 ms.
2026-07-03 21:58:12 [main] INFO  org.testng.internal.Utils - [Utils] MethodGroupsHelper.collectMethodsByGroup() took 0 ms.
2026-07-03 21:58:12 [main] INFO  org.testng.internal.Utils - [Utils] MethodGroupsHelper.sortMethods() took 0 ms.
2026-07-03 21:58:12 [main] INFO  org.testng.internal.Utils - [Utils] MethodGroupsHelper.collectMethodsByGroup() took 0 ms.
2026-07-03 21:58:12 [main] INFO  org.testng.internal.Utils - [Utils] MethodGroupsHelper.sortMethods() took 0 ms.
2026-07-03 21:58:12 [main] INFO  org.testng.internal.Utils - [Utils] MethodGroupsHelper.collectMethodsByGroup() took 0 ms.
2026-07-03 21:58:12 [main] INFO  org.testng.internal.Utils - [Utils] MethodGroupsHelper.sortMethods() took 0 ms.
2026-07-03 21:58:12 [main] INFO  org.testng.internal.Utils - [Utils] MethodGroupsHelper.collectMethodsByGroup() took 2 ms.
2026-07-03 21:58:12 [main] INFO  org.testng.internal.Utils - [Utils] MethodGroupsHelper.sortMethods() took 4 ms.
2026-07-03 21:58:12 [main] INFO  org.testng.internal.Utils - [Utils] MethodGroupsHelper.collectMethodsByGroup() took 0 ms.
2026-07-03 21:58:12 [main] INFO  org.testng.internal.Utils - [Utils] MethodGroupsHelper.sortMethods() took 0 ms.
2026-07-03 21:58:12 [main] INFO  org.testng.internal.Utils - [Utils] MethodGroupsHelper.collectMethodsByGroup() took 0 ms.
2026-07-03 21:58:12 [main] INFO  org.testng.internal.Utils - [Utils] MethodGroupsHelper.sortMethods() took 0 ms.
2026-07-03 21:58:12 [main] INFO  org.testng.internal.Utils - [Utils] MethodGroupsHelper.collectMethodsByGroup() took 0 ms.
2026-07-03 21:58:12 [main] INFO  org.testng.internal.Utils - [Utils] MethodGroupsHelper.sortMethods() took 0 ms.
2026-07-03 21:58:12 [main] INFO  org.testng.internal.Utils - [Utils] MethodGroupsHelper.collectMethodsByGroup() took 0 ms.
2026-07-03 21:58:12 [main] INFO  org.testng.internal.Utils - [Utils] MethodGroupsHelper.sortMethods() took 0 ms.
2026-07-03 21:58:12 [main] INFO  org.testng.internal.Utils - [Utils] MethodGroupsHelper.collectMethodsByGroup() took 0 ms.
2026-07-03 21:58:12 [main] INFO  org.testng.internal.Utils - [Utils] MethodGroupsHelper.sortMethods() took 0 ms.
2026-07-03 21:58:12 [main] INFO  org.testng.internal.Utils - [Utils] MethodGroupsHelper.collectMethodsByGroup() took 0 ms.
2026-07-03 21:58:12 [main] INFO  org.testng.internal.Utils - [Utils] MethodGroupsHelper.sortMethods() took 0 ms.
2026-07-03 21:58:12 [main] INFO  org.testng.internal.Utils - [Utils] MethodGroupsHelper.collectMethodsByGroup() took 0 ms.
2026-07-03 21:58:12 [main] INFO  org.testng.internal.Utils - [Utils] MethodGroupsHelper.sortMethods() took 0 ms.
2026-07-03 21:58:12 [main] INFO  org.testng.internal.Utils - [Utils] MethodGroupsHelper.collectMethodsByGroup() took 0 ms.
2026-07-03 21:58:12 [main] INFO  org.testng.internal.Utils - [Utils] MethodGroupsHelper.sortMethods() took 1 ms.
2026-07-03 21:58:12 [main] INFO  org.testng.internal.Utils - [Utils] MethodGroupsHelper.collectMethodsByGroup() took 0 ms.
2026-07-03 21:58:12 [main] INFO  org.testng.internal.Utils - [Utils] MethodGroupsHelper.sortMethods() took 0 ms.
2026-07-03 21:58:12 [main] INFO  org.testng.internal.Utils - [Utils] MethodGroupsHelper.collectMethodsByGroup() took 0 ms.
2026-07-03 21:58:12 [main] INFO  org.testng.internal.Utils - [Utils] MethodGroupsHelper.sortMethods() took 0 ms.
2026-07-03 21:58:12 [main] INFO  org.testng.internal.Utils - [TestNG] Running:
  /private/var/folders/jr/lp34w0jd51d4_4f0tlyxflz00000gp/T/testng-eclipse--1535158997/testng-customsuite.xml

2026-07-03 21:58:12 [main] INFO  org.testng.internal.Utils - [Utils] DynamicGraphHelper.createDynamicGraph() took 1 ms.
2026-07-03 21:58:12 [main] INFO  com.gofood.BaseTest.BaseTest - ===Starting test on thread: 1====
2026-07-03 21:58:12 [main] INFO  com.gofood.Utility.ConfigReader - Loading config file from path: ./src/test/resources/config.properties
2026-07-03 21:58:12 [main] INFO  com.gofood.Utility.ConfigReader - Config file loaded successfully
2026-07-03 21:58:12 [main] INFO  com.gofood.Factory.DriverFactory - Initializing driver for browser: chrome
2026-07-03 21:58:12 [main] INFO  com.gofood.Factory.DriverFactory - Initializing Chrome driver for browser: chrome
2026-07-03 21:58:19 [main] INFO  com.gofood.Utility.CommonFlowUtils - Attempting to enter location: jakarta
2026-07-03 21:58:22 [main] INFO  com.gofood.Utility.CommonFlowUtils - Sucessfully entered location: jakarta
2026-07-03 21:58:22 [main] INFO  com.gofood.Utility.CommonFlowUtils - Attempting to select restro and dish:
2026-07-03 21:58:23 [main] INFO  com.gofood.Utility.CommonFlowUtils - Successfully selected restro and dish:
2026-07-03 21:58:24 [main] INFO  com.gofood.Utility.CommonFlowUtils - Attempting to enter phonenumber: 3626483168
2026-07-03 21:58:27 [main] INFO  com.gofood.Utility.CommonFlowUtils - Successfully entered phonenumber: 3626483168
2026-07-03 21:58:27 [main] INFO  com.gofood.BaseTest.BaseTest - === Test finished, quitting driver ===
2026-07-03 21:58:27 [main] INFO  com.gofood.Factory.DriverFactory - Quitting driver on thread: 1
2026-07-03 21:58:27 [main] INFO  org.testng.internal.Utils - [TestNG] Time taken by org.testng.reporters.jq.Main@6972c30a: 19 ms
2026-07-03 21:58:27 [main] INFO  org.testng.internal.Utils - [TestNG] Time taken by org.testng.reporters.FailedReporter@3910fe11: 0 ms
2026-07-03 21:58:27 [main] INFO  org.testng.internal.Utils - [TestNG] Time taken by org.testng.reporters.XMLReporter@33f98231: 3 ms
2026-07-03 21:58:27 [main] INFO  org.testng.internal.Utils - [TestNG] Time taken by org.testng.reporters.EmailableReporter2@151db587: 2 ms
2026-07-03 21:58:27 [main] INFO  org.testng.internal.Utils - [TestNG] Time taken by org.testng.reporters.JUnitReportReporter@34e20e6b: 3 ms
2026-07-03 21:58:27 [main] INFO  org.testng.internal.Utils - [TestNG] Time taken by org.testng.internal.ExitCodeListener@15ac59c2: 0 ms
